C:\USERS\ASUS\DOWNLOADS\THE SAVIOUR\THE SAVIOUR\DEBUG\THE SAVIOUR.EXE
C:\USERS\ASUS\DOWNLOADS\THE SAVIOUR\THE SAVIOUR\DEBUG\THE SAVIOUR.ILK
C:\USERS\ASUS\DOWNLOADS\THE SAVIOUR\THE SAVIOUR\DEBUG\THE SAVIOUR.PDB
C:\USERS\ASUS\DOWNLOADS\THE SAVIOUR\THE SAVIOUR\THE SAVIOUR\DEBUG\IMAIN.OBJ
C:\USERS\ASUS\DOWNLOADS\THE SAVIOUR\THE SAVIOUR\THE SAVIOUR\DEBUG\THE SAVIOUR.EXE.INTERMEDIATE.MANIFEST
C:\USERS\ASUS\DOWNLOADS\THE SAVIOUR\THE SAVIOUR\THE SAVIOUR\DEBUG\VC100.PDB
C:\USERS\USER\DESKTOP\SAVIOUR W_2\THE SAVIOUR\DEBUG\THE SAVIOUR.EXE
C:\USERS\USER\DESKTOP\SAVIOUR W_2\THE SAVIOUR\DEBUG\THE SAVIOUR.ILK
C:\USERS\USER\DESKTOP\SAVIOUR W_2\THE SAVIOUR\DEBUG\THE SAVIOUR.PDB
C:\Users\User\Desktop\Saviour W_2\The Saviour\The Saviour\Debug\cl.command.1.tlog
C:\Users\User\Desktop\Saviour W_2\The Saviour\The Saviour\Debug\CL.read.1.tlog
C:\Users\User\Desktop\Saviour W_2\The Saviour\The Saviour\Debug\CL.write.1.tlog
C:\USERS\USER\DESKTOP\SAVIOUR W_2\THE SAVIOUR\THE SAVIOUR\DEBUG\IMAIN.OBJ
C:\Users\User\Desktop\Saviour W_2\The Saviour\The Saviour\Debug\link.command.1.tlog
C:\Users\User\Desktop\Saviour W_2\The Saviour\The Saviour\Debug\link.read.1.tlog
C:\Users\User\Desktop\Saviour W_2\The Saviour\The Saviour\Debug\link.write.1.tlog
C:\Users\User\Desktop\Saviour W_2\The Saviour\The Saviour\Debug\mt.command.1.tlog
C:\Users\User\Desktop\Saviour W_2\The Saviour\The Saviour\Debug\mt.read.1.tlog
C:\Users\User\Desktop\Saviour W_2\The Saviour\The Saviour\Debug\mt.write.1.tlog
C:\USERS\USER\DESKTOP\SAVIOUR W_2\THE SAVIOUR\THE SAVIOUR\DEBUG\THE SAVIOUR.EXE.INTERMEDIATE.MANIFEST
C:\Users\User\Desktop\Saviour W_2\The Saviour\The Saviour\Debug\The Saviour.vcxprojResolveAssemblyReference.cache
C:\Users\User\Desktop\Saviour W_2\The Saviour\The Saviour\Debug\The Saviour.write.1.tlog
C:\Users\User\Desktop\Saviour W_2\The Saviour\The Saviour\Debug\vc100.idb
C:\USERS\USER\DESKTOP\SAVIOUR W_2\THE SAVIOUR\THE SAVIOUR\DEBUG\VC100.PDB
C:\USERS\USER\DOCUMENTS\VISUAL STUDIO 2010\PROJECTS\THE SAVIOUR\DEBUG\THE SAVIOUR.EXE
C:\USERS\USER\DOCUMENTS\VISUAL STUDIO 2010\PROJECTS\THE SAVIOUR\DEBUG\THE SAVIOUR.ILK
C:\USERS\USER\DOCUMENTS\VISUAL STUDIO 2010\PROJECTS\THE SAVIOUR\DEBUG\THE SAVIOUR.PDB
C:\USERS\USER\DOCUMENTS\VISUAL STUDIO 2010\PROJECTS\THE SAVIOUR\THE SAVIOUR\DEBUG\IMAIN.OBJ
C:\USERS\USER\DOCUMENTS\VISUAL STUDIO 2010\PROJECTS\THE SAVIOUR\THE SAVIOUR\DEBUG\THE SAVIOUR.EXE.INTERMEDIATE.MANIFEST
C:\USERS\USER\DOCUMENTS\VISUAL STUDIO 2010\PROJECTS\THE SAVIOUR\THE SAVIOUR\DEBUG\VC100.PDB
